2026-03-05 13:34:51.374 [background-preinit]  INFO o.h.validator.internal.util.Version - HV000001: Hibernate Validator 8.0.3.Final
2026-03-05 13:34:51.469 [restartedMain]  INFO i.s.m.SpringBootReStFulWsApplication - Starting SpringBootReStFulWsApplication using Java 21.0.9 with PID 24856 (H:\EclipsWorkspace\EclipsWorkspace\SpringBootLogging\target\classes started by Vivek in H:\EclipsWorkspace\EclipsWorkspace\SpringBootLogging)
2026-03-05 13:34:51.473 [restartedMain]  INFO i.s.m.SpringBootReStFulWsApplication - No active profile set, falling back to 1 default profile: "default"
2026-03-05 13:34:51.574 [restartedMain]  INFO o.s.b.d.e.DevToolsPropertyDefaultsPostProcessor - Devtools property defaults active! Set 'spring.devtools.add-properties' to 'false' to disable
2026-03-05 13:34:51.574 [restartedMain]  INFO o.s.b.d.e.DevToolsPropertyDefaultsPostProcessor - For additional web related logging consider setting the 'logging.level.web' property to 'DEBUG'
2026-03-05 13:34:53.794 [restartedMain]  INFO o.s.d.r.c.RepositoryConfigurationDelegate - Bootstrapping Spring Data JPA repositories in DEFAULT mode.
2026-03-05 13:34:53.858 [restartedMain]  INFO o.s.d.r.c.RepositoryConfigurationDelegate - Finished Spring Data repository scanning in 52 ms. Found 1 JPA repository interface.
2026-03-05 13:34:54.383 [restartedMain]  INFO o.s.b.w.e.tomcat.TomcatWebServer - Tomcat initialized with port 8080 (http)
2026-03-05 13:34:54.401 [restartedMain]  INFO o.a.coyote.http11.Http11NioProtocol - Initializing ProtocolHandler ["http-nio-8080"]
2026-03-05 13:34:54.404 [restartedMain]  INFO o.a.catalina.core.StandardService - Starting service [Tomcat]
2026-03-05 13:34:54.404 [restartedMain]  INFO o.a.catalina.core.StandardEngine - Starting Servlet engine: [Apache Tomcat/10.1.50]
2026-03-05 13:34:54.515 [restartedMain]  INFO o.a.c.c.C.[Tomcat].[localhost].[/] - Initializing Spring embedded WebApplicationContext
2026-03-05 13:34:54.515 [restartedMain]  INFO o.s.b.w.s.c.ServletWebServerApplicationContext - Root WebApplicationContext: initialization completed in 2940 ms
2026-03-05 13:34:54.868 [restartedMain]  INFO o.h.jpa.internal.util.LogHelper - HHH000204: Processing PersistenceUnitInfo [name: default]
2026-03-05 13:34:54.987 [restartedMain]  INFO org.hibernate.Version - HHH000412: Hibernate ORM core version 6.6.41.Final
2026-03-05 13:34:55.044 [restartedMain]  INFO o.h.c.i.RegionFactoryInitiator - HHH000026: Second-level cache disabled
2026-03-05 13:34:55.460 [restartedMain]  INFO o.s.o.j.p.SpringPersistenceUnitInfo - No LoadTimeWeaver setup: ignoring JPA class transformer
2026-03-05 13:34:55.500 [restartedMain]  INFO com.zaxxer.hikari.HikariDataSource - HikariPool-1 - Starting...
2026-03-05 13:34:55.677 [restartedMain]  INFO com.zaxxer.hikari.pool.HikariPool - HikariPool-1 - Added connection com.mysql.cj.jdbc.ConnectionImpl@7dc1c097
2026-03-05 13:34:55.680 [restartedMain]  INFO com.zaxxer.hikari.HikariDataSource - HikariPool-1 - Start completed.
2026-03-05 13:34:55.758 [restartedMain]  WARN org.hibernate.dialect.Dialect - HHH000511: The 5.5.5 version for [org.hibernate.dialect.MySQLDialect] is no longer supported, hence certain features may not work properly. The minimum supported version is 8.0.0. Check the community dialects project for available legacy versions.
2026-03-05 13:34:55.788 [restartedMain]  INFO o.hibernate.orm.connections.pooling - HHH10001005: Database info:
	Database JDBC URL [Connecting through datasource 'HikariDataSource (HikariPool-1)']
	Database driver: undefined/unknown
	Database version: 5.5.5
	Autocommit mode: undefined/unknown
	Isolation level: undefined/unknown
	Minimum pool size: undefined/unknown
	Maximum pool size: undefined/unknown
2026-03-05 13:34:56.617 [restartedMain]  INFO o.h.e.t.j.p.i.JtaPlatformInitiator - HHH000489: No JTA platform available (set 'hibernate.transaction.jta.platform' to enable JTA platform integration)
2026-03-05 13:34:56.754 [restartedMain]  INFO o.s.o.j.LocalContainerEntityManagerFactoryBean - Initialized JPA EntityManagerFactory for persistence unit 'default'
2026-03-05 13:34:57.204 [restartedMain]  WARN o.s.b.a.o.j.JpaBaseConfiguration$JpaWebConfiguration - spring.jpa.open-in-view is enabled by default. Therefore, database queries may be performed during view rendering. Explicitly configure spring.jpa.open-in-view to disable this warning
2026-03-05 13:34:58.073 [restartedMain]  INFO o.s.b.d.a.OptionalLiveReloadServer - LiveReload server is running on port 35729
2026-03-05 13:34:58.080 [restartedMain]  INFO o.s.b.a.e.web.EndpointLinksResolver - Exposing 13 endpoints beneath base path '/actuator'
2026-03-05 13:34:58.154 [restartedMain]  INFO o.a.coyote.http11.Http11NioProtocol - Starting ProtocolHandler ["http-nio-8080"]
2026-03-05 13:34:58.178 [restartedMain]  INFO o.s.b.w.e.tomcat.TomcatWebServer - Tomcat started on port 8080 (http) with context path '/'
2026-03-05 13:34:58.191 [restartedMain]  INFO i.s.m.SpringBootReStFulWsApplication - Started SpringBootReStFulWsApplication in 7.537 seconds (process running for 9.182)
2026-03-05 13:34:58.197 [restartedMain]  WARN o.s.c.events.SpringDocAppInitializer - SpringDoc /v3/api-docs endpoint is enabled by default. To disable it in production, set the property 'springdoc.api-docs.enabled=false'
2026-03-05 13:34:58.197 [restartedMain]  WARN o.s.c.events.SpringDocAppInitializer - SpringDoc /swagger-ui.html endpoint is enabled by default. To disable it in production, set the property 'springdoc.swagger-ui.enabled=false'
2026-03-05 13:34:58.198 [restartedMain]  INFO i.s.m.SpringBootReStFulWsApplication - This is test for Info
2026-03-05 13:34:58.199 [restartedMain]  WARN i.s.m.SpringBootReStFulWsApplication - This is Warning
2026-03-05 13:34:59.613 [RMI TCP Connection(4)-127.0.0.1]  INFO o.a.c.c.C.[Tomcat].[localhost].[/] - Initializing Spring DispatcherServlet 'dispatcherServlet'
2026-03-05 13:34:59.613 [RMI TCP Connection(4)-127.0.0.1]  INFO o.s.web.servlet.DispatcherServlet - Initializing Servlet 'dispatcherServlet'
2026-03-05 13:34:59.624 [RMI TCP Connection(4)-127.0.0.1]  INFO o.s.web.servlet.DispatcherServlet - Completed initialization in 11 ms
2026-03-05 13:35:34.671 [http-nio-8080-exec-2]  WARN o.s.w.s.m.m.a.ExceptionHandlerExceptionResolver - Resolved [org.springframework.web.servlet.resource.NoResourceFoundException: No static resource favicon.ico.]
2026-03-05 13:35:44.115 [http-nio-8080-exec-4]  WARN o.s.w.s.m.m.a.ExceptionHandlerExceptionResolver - Resolved [org.springframework.web.servlet.resource.NoResourceFoundException: No static resource favicon.ico.]
2026-03-05 13:35:58.866 [http-nio-8080-exec-6]  WARN o.s.w.s.m.m.a.ExceptionHandlerExceptionResolver - Resolved [org.springframework.web.servlet.resource.NoResourceFoundException: No static resource favicon.ico.]
2026-03-05 13:36:39.327 [http-nio-8080-exec-10]  WARN o.s.w.s.m.m.a.ExceptionHandlerExceptionResolver - Resolved [org.springframework.web.servlet.resource.NoResourceFoundException: No static resource favicon.ico.]
2026-03-05 13:36:54.529 [http-nio-8080-exec-2]  WARN o.s.w.s.m.m.a.ExceptionHandlerExceptionResolver - Resolved [org.springframework.web.servlet.resource.NoResourceFoundException: No static resource favicon.ico.]
2026-03-05 13:37:05.974 [http-nio-8080-exec-4]  WARN o.s.w.s.m.m.a.ExceptionHandlerExceptionResolver - Resolved [org.springframework.web.servlet.resource.NoResourceFoundException: No static resource favicon.ico.]
2026-03-05 13:38:00.758 [File Watcher]  INFO o.s.b.d.a.LocalDevToolsAutoConfiguration$RestartingClassPathChangeChangedEventListener - Restarting due to 1 class path change (1 addition, 0 deletions, 0 modifications)
2026-03-05 13:38:00.764 [Thread-5]  INFO o.s.b.w.e.tomcat.GracefulShutdown - Commencing graceful shutdown. Waiting for active requests to complete
2026-03-05 13:38:00.765 [tomcat-shutdown]  INFO o.a.coyote.http11.Http11NioProtocol - Pausing ProtocolHandler ["http-nio-8080"]
2026-03-05 13:38:00.818 [tomcat-shutdown]  INFO o.s.b.w.e.tomcat.GracefulShutdown - Graceful shutdown complete
2026-03-05 13:38:00.819 [Thread-5]  INFO o.a.coyote.http11.Http11NioProtocol - Stopping ProtocolHandler ["http-nio-8080"]
2026-03-05 13:38:00.845 [Thread-5]  INFO o.s.o.j.LocalContainerEntityManagerFactoryBean - Closing JPA EntityManagerFactory for persistence unit 'default'
2026-03-05 13:38:00.847 [Thread-5]  INFO com.zaxxer.hikari.HikariDataSource - HikariPool-1 - Shutdown initiated...
2026-03-05 13:38:01.205 [Thread-5]  INFO com.zaxxer.hikari.HikariDataSource - HikariPool-1 - Shutdown completed.
2026-03-05 13:38:01.768 [restartedMain]  INFO i.s.m.SpringBootReStFulWsApplication - Starting SpringBootReStFulWsApplication using Java 21.0.9 with PID 24856 (H:\EclipsWorkspace\EclipsWorkspace\SpringBootLogging\target\classes started by Vivek in H:\EclipsWorkspace\EclipsWorkspace\SpringBootLogging)
2026-03-05 13:38:01.768 [restartedMain]  INFO i.s.m.SpringBootReStFulWsApplication - No active profile set, falling back to 1 default profile: "default"
2026-03-05 13:38:02.067 [restartedMain]  INFO o.s.d.r.c.RepositoryConfigurationDelegate - Bootstrapping Spring Data JPA repositories in DEFAULT mode.
2026-03-05 13:38:02.075 [restartedMain]  INFO o.s.d.r.c.RepositoryConfigurationDelegate - Finished Spring Data repository scanning in 6 ms. Found 1 JPA repository interface.
2026-03-05 13:38:02.158 [restartedMain]  INFO o.s.b.w.e.tomcat.TomcatWebServer - Tomcat initialized with port 8080 (http)
2026-03-05 13:38:02.159 [restartedMain]  INFO o.a.coyote.http11.Http11NioProtocol - Initializing ProtocolHandler ["http-nio-8080"]
2026-03-05 13:38:02.159 [restartedMain]  INFO o.a.catalina.core.StandardService - Starting service [Tomcat]
2026-03-05 13:38:02.160 [restartedMain]  INFO o.a.catalina.core.StandardEngine - Starting Servlet engine: [Apache Tomcat/10.1.50]
2026-03-05 13:38:02.183 [restartedMain]  INFO o.a.c.c.C.[Tomcat].[localhost].[/] - Initializing Spring embedded WebApplicationContext
2026-03-05 13:38:02.183 [restartedMain]  INFO o.s.b.w.s.c.ServletWebServerApplicationContext - Root WebApplicationContext: initialization completed in 410 ms
2026-03-05 13:38:02.241 [restartedMain]  INFO o.h.jpa.internal.util.LogHelper - HHH000204: Processing PersistenceUnitInfo [name: default]
2026-03-05 13:38:02.747 [restartedMain]  INFO o.h.c.i.RegionFactoryInitiator - HHH000026: Second-level cache disabled
2026-03-05 13:38:02.760 [restartedMain]  INFO o.s.o.j.p.SpringPersistenceUnitInfo - No LoadTimeWeaver setup: ignoring JPA class transformer
2026-03-05 13:38:02.761 [restartedMain]  INFO com.zaxxer.hikari.HikariDataSource - HikariPool-2 - Starting...
2026-03-05 13:38:02.768 [restartedMain]  INFO com.zaxxer.hikari.pool.HikariPool - HikariPool-2 - Added connection com.mysql.cj.jdbc.ConnectionImpl@5c46579b
2026-03-05 13:38:02.768 [restartedMain]  INFO com.zaxxer.hikari.HikariDataSource - HikariPool-2 - Start completed.
2026-03-05 13:38:02.771 [restartedMain]  WARN org.hibernate.dialect.Dialect - HHH000511: The 5.5.5 version for [org.hibernate.dialect.MySQLDialect] is no longer supported, hence certain features may not work properly. The minimum supported version is 8.0.0. Check the community dialects project for available legacy versions.
2026-03-05 13:38:02.771 [restartedMain]  INFO o.hibernate.orm.connections.pooling - HHH10001005: Database info:
	Database JDBC URL [Connecting through datasource 'HikariDataSource (HikariPool-2)']
	Database driver: undefined/unknown
	Database version: 5.5.5
	Autocommit mode: undefined/unknown
	Isolation level: undefined/unknown
	Minimum pool size: undefined/unknown
	Maximum pool size: undefined/unknown
2026-03-05 13:38:02.813 [restartedMain]  INFO o.h.e.t.j.p.i.JtaPlatformInitiator - HHH000489: No JTA platform available (set 'hibernate.transaction.jta.platform' to enable JTA platform integration)
2026-03-05 13:38:02.849 [restartedMain]  INFO o.s.o.j.LocalContainerEntityManagerFactoryBean - Initialized JPA EntityManagerFactory for persistence unit 'default'
2026-03-05 13:38:02.928 [restartedMain]  WARN o.s.b.a.o.j.JpaBaseConfiguration$JpaWebConfiguration - spring.jpa.open-in-view is enabled by default. Therefore, database queries may be performed during view rendering. Explicitly configure spring.jpa.open-in-view to disable this warning
2026-03-05 13:38:03.137 [restartedMain]  INFO o.s.b.d.a.OptionalLiveReloadServer - LiveReload server is running on port 35729
2026-03-05 13:38:03.141 [restartedMain]  INFO o.s.b.a.e.web.EndpointLinksResolver - Exposing 13 endpoints beneath base path '/actuator'
2026-03-05 13:38:03.164 [restartedMain]  INFO o.a.coyote.http11.Http11NioProtocol - Starting ProtocolHandler ["http-nio-8080"]
2026-03-05 13:38:03.168 [restartedMain]  INFO o.s.b.w.e.tomcat.TomcatWebServer - Tomcat started on port 8080 (http) with context path '/'
2026-03-05 13:38:03.175 [restartedMain]  INFO i.s.m.SpringBootReStFulWsApplication - Started SpringBootReStFulWsApplication in 1.432 seconds (process running for 194.166)
2026-03-05 13:38:03.177 [restartedMain]  WARN o.s.c.events.SpringDocAppInitializer - SpringDoc /v3/api-docs endpoint is enabled by default. To disable it in production, set the property 'springdoc.api-docs.enabled=false'
2026-03-05 13:38:03.177 [restartedMain]  WARN o.s.c.events.SpringDocAppInitializer - SpringDoc /swagger-ui.html endpoint is enabled by default. To disable it in production, set the property 'springdoc.swagger-ui.enabled=false'
2026-03-05 13:38:03.178 [restartedMain]  INFO o.s.b.d.a.ConditionEvaluationDeltaLoggingListener - Condition evaluation unchanged
2026-03-05 13:38:03.178 [restartedMain]  INFO i.s.m.SpringBootReStFulWsApplication - This is test for Info
2026-03-05 13:38:03.178 [restartedMain]  WARN i.s.m.SpringBootReStFulWsApplication - This is Warning
2026-03-05 13:39:30.937 [File Watcher]  INFO o.s.b.d.a.LocalDevToolsAutoConfiguration$RestartingClassPathChangeChangedEventListener - Restarting due to 1 class path change (0 additions, 0 deletions, 1 modification)
2026-03-05 13:39:30.943 [Thread-7]  INFO o.s.b.w.e.tomcat.GracefulShutdown - Commencing graceful shutdown. Waiting for active requests to complete
2026-03-05 13:39:30.944 [tomcat-shutdown]  INFO o.a.coyote.http11.Http11NioProtocol - Pausing ProtocolHandler ["http-nio-8080"]
2026-03-05 13:39:30.987 [tomcat-shutdown]  INFO o.s.b.w.e.tomcat.GracefulShutdown - Graceful shutdown complete
2026-03-05 13:39:30.988 [Thread-7]  INFO o.a.coyote.http11.Http11NioProtocol - Stopping ProtocolHandler ["http-nio-8080"]
2026-03-05 13:39:30.993 [Thread-7]  INFO o.s.o.j.LocalContainerEntityManagerFactoryBean - Closing JPA EntityManagerFactory for persistence unit 'default'
2026-03-05 13:39:30.995 [Thread-7]  INFO com.zaxxer.hikari.HikariDataSource - HikariPool-2 - Shutdown initiated...
2026-03-05 13:39:31.353 [Thread-7]  INFO com.zaxxer.hikari.HikariDataSource - HikariPool-2 - Shutdown completed.
2026-03-05 13:39:31.453 [restartedMain]  INFO i.s.m.SpringBootReStFulWsApplication - Starting SpringBootReStFulWsApplication using Java 21.0.9 with PID 24856 (H:\EclipsWorkspace\EclipsWorkspace\SpringBootLogging\target\classes started by Vivek in H:\EclipsWorkspace\EclipsWorkspace\SpringBootLogging)
2026-03-05 13:39:31.453 [restartedMain]  INFO i.s.m.SpringBootReStFulWsApplication - No active profile set, falling back to 1 default profile: "default"
2026-03-05 13:39:31.781 [restartedMain]  INFO o.s.d.r.c.RepositoryConfigurationDelegate - Bootstrapping Spring Data JPA repositories in DEFAULT mode.
2026-03-05 13:39:31.789 [restartedMain]  INFO o.s.d.r.c.RepositoryConfigurationDelegate - Finished Spring Data repository scanning in 7 ms. Found 1 JPA repository interface.
2026-03-05 13:39:31.889 [restartedMain]  INFO o.s.b.w.e.tomcat.TomcatWebServer - Tomcat initialized with port 8080 (http)
2026-03-05 13:39:31.891 [restartedMain]  INFO o.a.coyote.http11.Http11NioProtocol - Initializing ProtocolHandler ["http-nio-8080"]
2026-03-05 13:39:31.891 [restartedMain]  INFO o.a.catalina.core.StandardService - Starting service [Tomcat]
2026-03-05 13:39:31.891 [restartedMain]  INFO o.a.catalina.core.StandardEngine - Starting Servlet engine: [Apache Tomcat/10.1.50]
2026-03-05 13:39:31.917 [restartedMain]  INFO o.a.c.c.C.[Tomcat].[localhost].[/] - Initializing Spring embedded WebApplicationContext
2026-03-05 13:39:31.918 [restartedMain]  INFO o.s.b.w.s.c.ServletWebServerApplicationContext - Root WebApplicationContext: initialization completed in 462 ms
2026-03-05 13:39:31.971 [restartedMain]  INFO o.h.jpa.internal.util.LogHelper - HHH000204: Processing PersistenceUnitInfo [name: default]
2026-03-05 13:39:31.973 [restartedMain]  INFO o.h.c.i.RegionFactoryInitiator - HHH000026: Second-level cache disabled
2026-03-05 13:39:32.023 [restartedMain]  INFO o.s.o.j.p.SpringPersistenceUnitInfo - No LoadTimeWeaver setup: ignoring JPA class transformer
2026-03-05 13:39:32.026 [restartedMain]  INFO com.zaxxer.hikari.HikariDataSource - HikariPool-3 - Starting...
2026-03-05 13:39:32.034 [restartedMain]  INFO com.zaxxer.hikari.pool.HikariPool - HikariPool-3 - Added connection com.mysql.cj.jdbc.ConnectionImpl@25e9f52d
2026-03-05 13:39:32.035 [restartedMain]  INFO com.zaxxer.hikari.HikariDataSource - HikariPool-3 - Start completed.
2026-03-05 13:39:32.038 [restartedMain]  WARN org.hibernate.dialect.Dialect - HHH000511: The 5.5.5 version for [org.hibernate.dialect.MySQLDialect] is no longer supported, hence certain features may not work properly. The minimum supported version is 8.0.0. Check the community dialects project for available legacy versions.
2026-03-05 13:39:32.039 [restartedMain]  INFO o.hibernate.orm.connections.pooling - HHH10001005: Database info:
	Database JDBC URL [Connecting through datasource 'HikariDataSource (HikariPool-3)']
	Database driver: undefined/unknown
	Database version: 5.5.5
	Autocommit mode: undefined/unknown
	Isolation level: undefined/unknown
	Minimum pool size: undefined/unknown
	Maximum pool size: undefined/unknown
2026-03-05 13:39:32.077 [restartedMain]  INFO o.h.e.t.j.p.i.JtaPlatformInitiator - HHH000489: No JTA platform available (set 'hibernate.transaction.jta.platform' to enable JTA platform integration)
2026-03-05 13:39:32.113 [restartedMain]  INFO o.s.o.j.LocalContainerEntityManagerFactoryBean - Initialized JPA EntityManagerFactory for persistence unit 'default'
2026-03-05 13:39:32.185 [restartedMain]  WARN o.s.b.a.o.j.JpaBaseConfiguration$JpaWebConfiguration - spring.jpa.open-in-view is enabled by default. Therefore, database queries may be performed during view rendering. Explicitly configure spring.jpa.open-in-view to disable this warning
2026-03-05 13:39:32.386 [restartedMain]  INFO o.s.b.d.a.OptionalLiveReloadServer - LiveReload server is running on port 35729
2026-03-05 13:39:32.391 [restartedMain]  INFO o.s.b.a.e.web.EndpointLinksResolver - Exposing 14 endpoints beneath base path '/actuator'
2026-03-05 13:39:32.413 [restartedMain]  INFO o.a.coyote.http11.Http11NioProtocol - Starting ProtocolHandler ["http-nio-8080"]
2026-03-05 13:39:32.416 [restartedMain]  INFO o.s.b.w.e.tomcat.TomcatWebServer - Tomcat started on port 8080 (http) with context path '/'
2026-03-05 13:39:32.423 [restartedMain]  INFO i.s.m.SpringBootReStFulWsApplication - Started SpringBootReStFulWsApplication in 0.996 seconds (process running for 283.414)
2026-03-05 13:39:32.425 [restartedMain]  WARN o.s.c.events.SpringDocAppInitializer - SpringDoc /v3/api-docs endpoint is enabled by default. To disable it in production, set the property 'springdoc.api-docs.enabled=false'
2026-03-05 13:39:32.425 [restartedMain]  WARN o.s.c.events.SpringDocAppInitializer - SpringDoc /swagger-ui.html endpoint is enabled by default. To disable it in production, set the property 'springdoc.swagger-ui.enabled=false'
2026-03-05 13:39:32.425 [restartedMain]  INFO o.s.b.d.a.ConditionEvaluationDeltaLoggingListener - Condition evaluation unchanged
2026-03-05 13:39:32.427 [restartedMain]  INFO i.s.m.SpringBootReStFulWsApplication - This is test for Info
2026-03-05 13:39:32.427 [restartedMain]  WARN i.s.m.SpringBootReStFulWsApplication - This is Warning
2026-03-05 13:39:43.502 [http-nio-8080-exec-1]  INFO o.a.c.c.C.[Tomcat].[localhost].[/] - Initializing Spring DispatcherServlet 'dispatcherServlet'
2026-03-05 13:39:43.503 [http-nio-8080-exec-1]  INFO o.s.web.servlet.DispatcherServlet - Initializing Servlet 'dispatcherServlet'
2026-03-05 13:39:43.507 [http-nio-8080-exec-1]  INFO o.s.web.servlet.DispatcherServlet - Completed initialization in 4 ms
2026-03-05 13:39:43.525 [http-nio-8080-exec-1]  WARN o.s.w.s.m.m.a.ExceptionHandlerExceptionResolver - Resolved [org.springframework.web.servlet.resource.NoResourceFoundException: No static resource actuator/customs.]
2026-03-05 13:39:43.665 [http-nio-8080-exec-2]  WARN o.s.w.s.m.m.a.ExceptionHandlerExceptionResolver - Resolved [org.springframework.web.servlet.resource.NoResourceFoundException: No static resource favicon.ico.]
2026-03-05 13:39:50.663 [http-nio-8080-exec-4]  WARN o.s.w.s.m.m.a.ExceptionHandlerExceptionResolver - Resolved [org.springframework.web.servlet.resource.NoResourceFoundException: No static resource favicon.ico.]
